Using pre-set license
Built from '2021.3/staging' branch; Version is '2021.3.21f1 (1b156197d683) revision 1774945'; Using compiler version '192829333'; Build Type 'Release'
OS: 'Windows 10  (10.0.19045) 64bit CoreSingleLanguage' Language: 'tr' Physical Memory: 16241 MB
BatchMode: 1, IsHumanControllingUs: 0, StartBugReporterOnCrash: 0, Is64bit: 1, IsPro: 1

COMMAND LINE ARGUMENTS:
C:\Program Files\Unity\Hub\Editor\2021.3.21f1\Editor\Unity.exe
-adb2
-batchMode
-noUpm
-name
AssetImportWorker2
-projectPath
C:/Users/Kaan/GameJam(Sakız)
-logFile
Logs/AssetImportWorker2.log
-srvPort
59950
Successfully changed project path to: C:/Users/Kaan/GameJam(Sakız)
C:/Users/Kaan/GameJam(Sakız)
[UnityMemory] Configuration Parameters - Can be set up in boot.config
    "memorysetup-bucket-allocator-granularity=16"
    "memorysetup-bucket-allocator-bucket-count=8"
    "memorysetup-bucket-allocator-block-size=33554432"
    "memorysetup-bucket-allocator-block-count=8"
    "memorysetup-main-allocator-block-size=16777216"
    "memorysetup-thread-allocator-block-size=16777216"
    "memorysetup-gfx-main-allocator-block-size=16777216"
    "memorysetup-gfx-thread-allocator-block-size=16777216"
    "memorysetup-cache-allocator-block-size=4194304"
    "memorysetup-typetree-allocator-block-size=2097152"
    "memorysetup-profiler-bucket-allocator-granularity=16"
    "memorysetup-profiler-bucket-allocator-bucket-count=8"
    "memorysetup-profiler-bucket-allocator-block-size=33554432"
    "memorysetup-profiler-bucket-allocator-block-count=8"
    "memorysetup-profiler-allocator-block-size=16777216"
    "memorysetup-profiler-editor-allocator-block-size=1048576"
    "memorysetup-temp-allocator-size-main=16777216"
    "memorysetup-job-temp-allocator-block-size=2097152"
    "memorysetup-job-temp-allocator-block-size-background=1048576"
    "memorysetup-job-temp-allocator-reduction-small-platforms=262144"
    "memorysetup-temp-allocator-size-background-worker=32768"
    "memorysetup-temp-allocator-size-job-worker=262144"
    "memorysetup-temp-allocator-size-preload-manager=33554432"
    "memorysetup-temp-allocator-size-nav-mesh-worker=65536"
    "memorysetup-temp-allocator-size-audio-worker=65536"
    "memorysetup-temp-allocator-size-cloud-worker=32768"
    "memorysetup-temp-allocator-size-gi-baking-worker=262144"
    "memorysetup-temp-allocator-size-gfx=262144"
Player connection [23596] Host "[IP] 192.168.1.156 [Port] 0 [Flags] 2 [Guid] 1652651339 [EditorId] 1652651339 [Version] 1048832 [Id] WindowsEditor(7,DESKTOP-B9JSN49) [Debug] 1 [PackageName] WindowsEditor [ProjectName] Editor" joined multi-casting on [225.0.0.222:54997]...

Player connection [23596] Host "[IP] 192.168.1.156 [Port] 0 [Flags] 2 [Guid] 1652651339 [EditorId] 1652651339 [Version] 1048832 [Id] WindowsEditor(7,DESKTOP-B9JSN49) [Debug] 1 [PackageName] WindowsEditor [ProjectName] Editor" joined alternative multi-casting on [225.0.0.222:34997]...

Refreshing native plugins compatible for Editor in 134.21 ms, found 3 plugins.
Preloading 0 native plugins for Editor in 0.00 ms.
Initialize engine version: 2021.3.21f1 (1b156197d683)
[Subsystems] Discovering subsystems at path C:/Program Files/Unity/Hub/Editor/2021.3.21f1/Editor/Data/Resources/UnitySubsystems
[Subsystems] Discovering subsystems at path C:/Users/Kaan/GameJam(Sakız)/Assets
GfxDevice: creating device client; threaded=0; jobified=0
Direct3D:
    Version:  Direct3D 11.0 [level 11.1]
    Renderer: NVIDIA GeForce GTX 1650 (ID=0x1f91)
    Vendor:   NVIDIA
    VRAM:     3962 MB
    Driver:   30.0.15.1289
Initialize mono
Mono path[0] = 'C:/Program Files/Unity/Hub/Editor/2021.3.21f1/Editor/Data/Managed'
Mono path[1] = 'C:/Program Files/Unity/Hub/Editor/2021.3.21f1/Editor/Data/MonoBleedingEdge/lib/mono/unityjit-win32'
Mono config path = 'C:/Program Files/Unity/Hub/Editor/2021.3.21f1/Editor/Data/MonoBleedingEdge/etc'
Using monoOptions --debugger-agent=transport=dt_socket,embedding=1,server=y,suspend=n,address=127.0.0.1:56588
Begin MonoManager ReloadAssembly
Registering precompiled unity dll's ...
Register platform support module: C:/Program Files/Unity/Hub/Editor/2021.3.21f1/Editor/Data/PlaybackEngines/WindowsStandaloneSupport/UnityEditor.WindowsStandalone.Extensions.dll
Registered in 0.027252 seconds.
Native extension for WindowsStandalone target not found
Refreshing native plugins compatible for Editor in 90.65 ms, found 3 plugins.
Preloading 0 native plugins for Editor in 0.00 ms.
Mono: successfully reloaded assembly
- Completed reload, in  0.827 seconds
Domain Reload Profiling:
	ReloadAssembly (828ms)
		BeginReloadAssembly (147ms)
			ExecutionOrderSort (0ms)
			DisableScriptedObjects (0ms)
			BackupInstance (0ms)
			ReleaseScriptingObjects (0ms)
			CreateAndSetChildDomain (1ms)
		EndReloadAssembly (511ms)
			LoadAssemblies (140ms)
			RebuildTransferFunctionScriptingTraits (0ms)
			SetupTypeCache (115ms)
			ReleaseScriptCaches (0ms)
			RebuildScriptCaches (34ms)
			SetupLoadedEditorAssemblies (295ms)
				LogAssemblyErrors (0ms)
				InitializePlatformSupportModulesInManaged (14ms)
				SetLoadedEditorAssemblies (0ms)
				RefreshPlugins (91ms)
				BeforeProcessingInitializeOnLoad (1ms)
				ProcessInitializeOnLoadAttributes (134ms)
				ProcessInitializeOnLoadMethodAttributes (55ms)
				AfterProcessingInitializeOnLoad (0ms)
				EditorAssembliesLoaded (0ms)
			ExecutionOrderSort2 (0ms)
			AwakeInstancesAfterBackupRestoration (0ms)
Platform modules already initialized, skipping
Registering precompiled user dll's ...
Registered in 0.012972 seconds.
Begin MonoManager ReloadAssembly
Symbol file LoadedFromMemory doesn't match image C:\Users\Kaan\GameJam(Sakız)\Library\PackageCache\com.unity.visualscripting@1.8.0\Editor\VisualScripting.Core\Dependencies\YamlDotNet\Unity.VisualScripting.YamlDotNet.dll
Symbol file LoadedFromMemory doesn't match image C:\Users\Kaan\GameJam(Sakız)\Library\PackageCache\com.unity.visualscripting@1.8.0\Editor\VisualScripting.Core\Dependencies\DotNetZip\Unity.VisualScripting.IonicZip.dll
Native extension for WindowsStandalone target not found
Refreshing native plugins compatible for Editor in 0.51 ms, found 3 plugins.
Preloading 0 native plugins for Editor in 0.00 ms.
Mono: successfully reloaded assembly
- Completed reload, in  1.297 seconds
Domain Reload Profiling:
	ReloadAssembly (1298ms)
		BeginReloadAssembly (181ms)
			ExecutionOrderSort (0ms)
			DisableScriptedObjects (6ms)
			BackupInstance (0ms)
			ReleaseScriptingObjects (0ms)
			CreateAndSetChildDomain (24ms)
		EndReloadAssembly (972ms)
			LoadAssemblies (157ms)
			RebuildTransferFunctionScriptingTraits (0ms)
			SetupTypeCache (287ms)
			ReleaseScriptCaches (1ms)
			RebuildScriptCaches (56ms)
			SetupLoadedEditorAssemblies (466ms)
				LogAssemblyErrors (0ms)
				InitializePlatformSupportModulesInManaged (11ms)
				SetLoadedEditorAssemblies (0ms)
				RefreshPlugins (1ms)
				BeforeProcessingInitializeOnLoad (127ms)
				ProcessInitializeOnLoadAttributes (270ms)
				ProcessInitializeOnLoadMethodAttributes (30ms)
				AfterProcessingInitializeOnLoad (26ms)
				EditorAssembliesLoaded (0ms)
			ExecutionOrderSort2 (0ms)
			AwakeInstancesAfterBackupRestoration (8ms)
Platform modules already initialized, skipping
========================================================================
Worker process is ready to serve import requests
Launched and connected shader compiler UnityShaderCompiler.exe after 0.06 seconds
Refreshing native plugins compatible for Editor in 0.50 ms, found 3 plugins.
Preloading 0 native plugins for Editor in 0.00 ms.
Unloading 3294 Unused Serialized files (Serialized files now loaded: 0)
Unloading 41 unused Assets / (184.7 KB). Loaded Objects now: 3758.
Memory consumption went from 118.4 MB to 118.3 MB.
Total: 3.773600 ms (FindLiveObjects: 0.291500 ms CreateObjectMapping: 0.250400 ms MarkObjects: 3.091600 ms  DeleteObjects: 0.139100 ms)

AssetImportParameters requested are different than current active one (requested -> active):
  custom:video-decoder-ogg-theora: a1e56fd34408186e4bbccfd4996cb3dc -> 
  custom:container-muxer-webm: aa71ff27fc2769a1b78a27578f13a17b -> 
  custom:container-demuxer-webm: 4f35f7cbe854078d1ac9338744f61a02 -> 
  custom:video-encoder-webm-vp8: eb34c28f22e8b96e1ab97ce403110664 -> 
  custom:audio-encoder-webm-vorbis: bf7c407c2cedff20999df2af8eb42d56 -> 
  custom:framework-win-MediaFoundation: 216162199b28c13a410421893ffa2e32 -> 
  custom:container-demuxer-ogg: 62fdf1f143b41e24485cea50d1cbac27 -> 
  custom:video-decoder-webm-vp8: 9c59270c3fd7afecdb556c50c9e8de78 -> 
  custom:audio-decoder-ogg-vorbis: bf7c407c2cedff20999df2af8eb42d56 -> 
========================================================================
Received Import Request.
  Time since last request: 177208.439410 seconds.
  path: Assets/Items/e.fbx
  artifactKey: Guid(c59d0e2da4b8cfa4f9e8dad6471d599d) Importer(815301076,1909f56bfc062723c751e8b465ee728b)
Start importing Assets/Items/e.fbx using Guid(c59d0e2da4b8cfa4f9e8dad6471d599d) Importer(815301076,1909f56bfc062723c751e8b465ee728b)  -> (artifact id: 'caa3c1f339076c5c1056b7097bab7aa4') in 0.262761 seconds 
========================================================================
Received Import Request.
  Time since last request: 157.407385 seconds.
  path: Assets/Items/d.fbx
  artifactKey: Guid(a0300f3d5fd499a40b9f371569c9cd83) Importer(815301076,1909f56bfc062723c751e8b465ee728b)
Start importing Assets/Items/d.fbx using Guid(a0300f3d5fd499a40b9f371569c9cd83) Importer(815301076,1909f56bfc062723c751e8b465ee728b)  -> (artifact id: 'dc6e28a195761056a4bae51651c2491d') in 0.089944 seconds 
========================================================================
Received Import Request.
  Time since last request: 0.000034 seconds.
  path: Assets/Items/Material.009.mat
  artifactKey: Guid(5b0ea38662b9edf4db5f159d7193b603) Importer(815301076,1909f56bfc062723c751e8b465ee728b)
Start importing Assets/Items/Material.009.mat using Guid(5b0ea38662b9edf4db5f159d7193b603) Importer(815301076,1909f56bfc062723c751e8b465ee728b)  -> (artifact id: 'b6310ed16e09c935e17e219ef3931902') in 0.021349 seconds 
========================================================================
Received Import Request.
  Time since last request: 0.000026 seconds.
  path: Assets/Items/Material.004.mat
  artifactKey: Guid(047fc9bef4cbe4b4e84daa8483581063) Importer(815301076,1909f56bfc062723c751e8b465ee728b)
Start importing Assets/Items/Material.004.mat using Guid(047fc9bef4cbe4b4e84daa8483581063) Importer(815301076,1909f56bfc062723c751e8b465ee728b)  -> (artifact id: '89761bd2b3393c0455bbd0be2d294bc1') in 0.016134 seconds 
========================================================================
Received Import Request.
  Time since last request: 0.000023 seconds.
  path: Assets/Items/Material.001.mat
  artifactKey: Guid(c05ac0d2cf89ad5479af260f2255c6cb) Importer(815301076,1909f56bfc062723c751e8b465ee728b)
Start importing Assets/Items/Material.001.mat using Guid(c05ac0d2cf89ad5479af260f2255c6cb) Importer(815301076,1909f56bfc062723c751e8b465ee728b)  -> (artifact id: 'c5c687f3a57a28d130284a49370567a4') in 0.024771 seconds 
========================================================================
Received Import Request.
  Time since last request: 0.000029 seconds.
  path: Assets/Items/Material.003 2.mat
  artifactKey: Guid(a5eb9d74639746449a22087002bfb4b8) Importer(815301076,1909f56bfc062723c751e8b465ee728b)
Start importing Assets/Items/Material.003 2.mat using Guid(a5eb9d74639746449a22087002bfb4b8) Importer(815301076,1909f56bfc062723c751e8b465ee728b)  -> (artifact id: 'f9fffdcb13a3ae9a0ad07be710874e7d') in 0.020957 seconds 
========================================================================
Received Import Request.
  Time since last request: 0.000036 seconds.
  path: Assets/Items/Material.002 2.mat
  artifactKey: Guid(b64ed0239c6f59443b4824aa603d6826) Importer(815301076,1909f56bfc062723c751e8b465ee728b)
Start importing Assets/Items/Material.002 2.mat using Guid(b64ed0239c6f59443b4824aa603d6826) Importer(815301076,1909f56bfc062723c751e8b465ee728b)  -> (artifact id: 'e7417dda0715aea2a91de2a2b1bab9e5') in 0.020400 seconds 
========================================================================
Received Import Request.
  Time since last request: 0.000024 seconds.
  path: Assets/Items/Material.002 1.mat
  artifactKey: Guid(676ff49646a32ea4c83603b993a43b13) Importer(815301076,1909f56bfc062723c751e8b465ee728b)
Start importing Assets/Items/Material.002 1.mat using Guid(676ff49646a32ea4c83603b993a43b13) Importer(815301076,1909f56bfc062723c751e8b465ee728b)  -> (artifact id: '44a753cc1c4d6e5972a0a3077aef544c') in 0.019101 seconds 
========================================================================
Received Import Request.
  Time since last request: 24.676135 seconds.
  path: Assets/Items/e.fbx
  artifactKey: Guid(c59d0e2da4b8cfa4f9e8dad6471d599d) Importer(815301076,1909f56bfc062723c751e8b465ee728b)
Start importing Assets/Items/e.fbx using Guid(c59d0e2da4b8cfa4f9e8dad6471d599d) Importer(815301076,1909f56bfc062723c751e8b465ee728b)  -> (artifact id: '08a2959373fa255448fc790eeb0ffa5a') in 0.040355 seconds 
Editor requested this worker to shutdown with reason: Scaling down because of idle timeout
AssetImportWorker is now disconnected from the server
Process exiting
Exiting without the bug reporter. Application will terminate with return code 0